<?xml version="1.0" encoding="UTF-8"?>
<testsuite xmlns:xsi="http://www.w3.org/2001/XMLSchema-instance" xsi:noNamespaceSchemaLocation="https://maven.apache.org/surefire/maven-surefire-plugin/xsd/surefire-test-report-3.0.xsd" version="3.0" name="com.example.AnimalExceptionParameterizedTest" time="0.172" tests="6" errors="0" skipped="0" failures="0">
  <properties>
[...]
</properties>
  <testcase name="shouldThrowExceptionWhenInvalidAnimalKindProvided[0]" classname="com.example.AnimalExceptionParameterizedTest" time="0.011"/>
  <testcase name="shouldThrowExceptionWhenInvalidAnimalKindProvided[1]" classname="com.example.AnimalExceptionParameterizedTest" time="0.0"/>
  <testcase name="shouldThrowExceptionWhenInvalidAnimalKindProvided[2]" classname="com.example.AnimalExceptionParameterizedTest" time="0.001"/>
  <testcase name="shouldThrowExceptionWhenInvalidAnimalKindProvided[3]" classname="com.example.AnimalExceptionParameterizedTest" time="0.0"/>
  <testcase name="shouldThrowExceptionWhenInvalidAnimalKindProvided[4]" classname="com.example.AnimalExceptionParameterizedTest" time="0.0"/>
  <testcase name="shouldThrowExceptionWhenInvalidAnimalKindProvided[5]" classname="com.example.AnimalExceptionParameterizedTest" time="0.0"/>
</testsuite>